mode: count
github.com/kobayashi-hash/rowman/cmd/main/rowman.go:19.46,28.2 7 0
github.com/kobayashi-hash/rowman/cmd/main/rowman.go:30.34,32.24 2 0
github.com/kobayashi-hash/rowman/cmd/main/rowman.go:32.24,32.35 1 0
github.com/kobayashi-hash/rowman/cmd/main/rowman.go:33.5,33.24 1 0
github.com/kobayashi-hash/rowman/cmd/main/rowman.go:33.24,33.35 1 0
github.com/kobayashi-hash/rowman/cmd/main/rowman.go:34.5,34.29 1 0
github.com/kobayashi-hash/rowman/cmd/main/rowman.go:34.29,34.40 1 0
github.com/kobayashi-hash/rowman/cmd/main/rowman.go:35.5,35.19 1 0
github.com/kobayashi-hash/rowman/cmd/main/rowman.go:35.19,38.6 2 0
github.com/kobayashi-hash/rowman/cmd/main/rowman.go:42.56,45.2 2 1
github.com/kobayashi-hash/rowman/cmd/main/rowman.go:48.49,52.2 3 0
github.com/kobayashi-hash/rowman/cmd/main/rowman.go:55.57,56.27 1 1
github.com/kobayashi-hash/rowman/cmd/main/rowman.go:56.27,58.3 1 0
github.com/kobayashi-hash/rowman/cmd/main/rowman.go:59.2,59.25 1 1
github.com/kobayashi-hash/rowman/cmd/main/rowman.go:63.57,65.31 2 1
github.com/kobayashi-hash/rowman/cmd/main/rowman.go:65.31,66.26 1 2
github.com/kobayashi-hash/rowman/cmd/main/rowman.go:66.26,68.4 1 0
github.com/kobayashi-hash/rowman/cmd/main/rowman.go:68.8,70.4 1 2
github.com/kobayashi-hash/rowman/cmd/main/rowman.go:72.2,72.15 1 1
github.com/kobayashi-hash/rowman/cmd/main/rowman.go:77.59,79.31 2 1
github.com/kobayashi-hash/rowman/cmd/main/rowman.go:79.31,80.29 1 3
github.com/kobayashi-hash/rowman/cmd/main/rowman.go:80.29,81.38 1 6
github.com/kobayashi-hash/rowman/cmd/main/rowman.go:81.38,83.10 2 2
github.com/kobayashi-hash/rowman/cmd/main/rowman.go:87.2,87.15 1 1
github.com/kobayashi-hash/rowman/cmd/main/rowman.go:90.12,94.16 3 0
github.com/kobayashi-hash/rowman/cmd/main/rowman.go:94.16,97.3 2 0
github.com/kobayashi-hash/rowman/cmd/main/rowman.go:100.2,104.27 3 0
github.com/kobayashi-hash/rowman/cmd/main/rowman.go:104.27,107.17 3 0
github.com/kobayashi-hash/rowman/cmd/main/rowman.go:107.17,109.4 1 0
github.com/kobayashi-hash/rowman/cmd/main/rowman.go:110.3,110.22 1 0
github.com/kobayashi-hash/rowman/cmd/main/rowman.go:111.8,113.3 1 0
github.com/kobayashi-hash/rowman/cmd/main/rowman.go:114.2,115.19 2 0
github.com/kobayashi-hash/rowman/cmd/main/rowman.go:115.19,117.6 1 0
github.com/kobayashi-hash/rowman/cmd/main/rowman.go:120.5,120.29 1 0
github.com/kobayashi-hash/rowman/cmd/main/rowman.go:120.29,122.6 1 0
github.com/kobayashi-hash/rowman/cmd/main/rowman.go:122.11,122.31 1 0
github.com/kobayashi-hash/rowman/cmd/main/rowman.go:122.31,124.6 1 0
github.com/kobayashi-hash/rowman/cmd/main/rowman.go:124.11,124.31 1 0
github.com/kobayashi-hash/rowman/cmd/main/rowman.go:124.31,126.6 1 0
github.com/kobayashi-hash/rowman/cmd/main/rowman.go:128.5,128.53 1 0
github.com/kobayashi-hash/rowman/cmd/main/rowman.go:128.53,130.6 1 0
